[2010-10-19 17:00:39] [17539] [INFO] hello renyongquan
[2010-10-19 17:00:58] [17539] [INFO] hahahaaaaaaa
[2010-10-19 17:00:58] [17539] [DEBUG] 山东经济学院
[2010-10-19 17:00:58] [17539] [WARING] 有敌人接近
[2010-10-19 17:00:58] [17539] [ERROR] 系统当机
[2010-10-19 17:07:05] [17611] [INFO] hello renyongquan
[2010-10-19 17:07:05] [17611] [INFO] hahahaaaaaaa
[2010-10-19 17:07:05] [17611] [DEBUG] 山东经济学院
[2010-10-19 17:07:05] [17611] [WARING] 有敌人接近
[2010-10-19 17:07:05] [17611] [ERROR] 系统当机
[2010-10-19 17:08:48] [17635] [INFO] hello renyongquan
[2010-10-19 17:08:48] [17635] [INFO] hahahaaaaaaa
[2010-10-19 17:08:48] [17635] [DEBUG] 山东经济学院
[2010-10-19 17:08:48] [17635] [WARING] 有敌人接近
[2010-10-19 17:08:48] [17635] [ERROR] 系统当机
[2010-10-19 17:11:41] [17706] [INFO] hello renyongquan
[2010-10-19 17:11:41] [17706] [INFO] hahahaaaaaaa
[2010-10-19 17:11:41] [17706] [DEBUG] 山东经济学院
[2010-10-19 17:11:41] [17706] [WARING] 有敌人接近
[2010-10-19 17:11:41] [17706] [ERROR] 系统当机
[2010-10-19 17:18:01] [17797] [INFO] hello renyongquan
[2010-10-19 17:18:01] [17797] [INFO] hahahaaaaaaa
[2010-10-19 17:18:01] [17797] [DEBUG] 山东经济学院
[2010-10-19 17:18:01] [17797] [WARNING] 有敌人接近
[2010-10-19 17:18:01] [17797] [ERROR] 系统当机
[2010-10-19 17:18:36] [17815] [INFO] hello renyongquan
[2010-10-19 17:18:36] [17815] [INFO] hahahaaaaaaa
[2010-10-19 17:18:36] [17815] [DEBUG] 山东经济学院
[2010-10-19 17:18:36] [17815] [WARNING] 有敌人接近
[2010-10-19 17:18:36] [17815] [ERROR] 系统当机
[2010-10-19 17:18:41] [17816] [INFO] hello renyongquan
[2010-10-19 17:18:41] [17816] [INFO] hahahaaaaaaa
[2010-10-19 17:18:41] [17816] [DEBUG] 山东经济学院
[2010-10-19 17:18:41] [17816] [WARNING] 有敌人接近
[2010-10-19 17:18:41] [17816] [ERROR] 系统当机
[2010-10-19 17:18:43] [17817] [INFO] hello renyongquan
[2010-10-19 17:18:43] [17817] [INFO] hahahaaaaaaa
[2010-10-19 17:18:43] [17817] [DEBUG] 山东经济学院
[2010-10-19 17:18:43] [17817] [WARNING] 有敌人接近
[2010-10-19 17:18:43] [17817] [ERROR] 系统当机
[2010-10-19 17:19:01] [17818] [INFO] hello renyongquan
[2010-10-19 17:19:01] [17818] [INFO] hahahaaaaaaa
[2010-10-19 17:19:01] [17818] [DEBUG] 山东经济学院
[2010-10-19 17:19:01] [17818] [WARNING] 有敌人接近
[2010-10-19 17:19:01] [17818] [ERROR] 系统当机
[2010-10-19 17:50:55] [18256] [INFO] hello renyongquan
[2010-10-19 17:50:55] [18256] [INFO] hahahaaaaaaa
[2010-10-19 17:50:55] [18256] [DEBUG] 山东经济学院
[2010-10-19 17:50:55] [18256] [WARNING] 有敌人接近
[2010-10-19 17:50:55] [18256] [ERROR] 系统当机
[2010-10-19 17:51:32] [18268] [INFO] hello renyongquan
[2010-10-19 17:51:32] [18268] [INFO] hahahaaaaaaa
[2010-10-19 17:51:32] [18268] [DEBUG] 山东经济学院
[2010-10-19 17:51:32] [18268] [WARNING] 有敌人接近
[2010-10-19 17:51:32] [18268] [ERROR] 系统当机
[2010-10-19 17:52:07] [18287] [INFO] hello renyongquan
[2010-10-19 17:52:17] [18287] [INFO] hahahaaaaaaa
[2010-10-19 17:52:47] [18287] [DEBUG] 山东经济学院
[2010-10-19 17:53:54] [18302] [INFO] hello renyongquan
[2010-10-19 17:53:54] [18302] [INFO] hahahaaaaaaa
[2010-10-19 17:53:54] [18302] [DEBUG] 山东经济学院
[2010-10-19 17:53:54] [18302] [WARNING] 有敌人接近
[2010-10-19 17:53:54] [18302] [ERROR] 系统当机
[2010-10-19 17:53:54] [18302] [WARNING] 有敌人接近
[2010-10-19 18:27:58] [19027] [INFO] hello renyongquan
[2010-10-19 18:37:54] [19103] [INFO] hello renyongquan
[2010-10-19 18:38:51] [19133] [INFO] hello renyongquan
[2010-10-19 18:39:44] [19150] [INFO] hello renyongquan
[2010-10-19 18:42:24] [19185] [INFO] hello renyongquan
[2010-10-19 18:43:40] [19208] [INFO] hello renyongquan
[2010-10-19 18:43:40] [19208] [INFO] hahahaaaaaaa
[2010-10-19 18:43:40] [19208] [DEBUG] 山东经济学院
[2010-10-19 18:43:40] [19208] [WARNING] 有敌人接近
[2010-10-19 18:43:40] [19208] [ERROR] 系统当机
